modules loaded
/projects/b1108
beginning preprocessing
	[31m1: [ERR] Files with such naming scheme are not part of BIDS specification. This error is most commonly caused by typos in file names that make them not BIDS compatible. Please consult the specification and make sure your files are named correctly. If this is not a file naming issue (for example when including files not yet covered by the BIDS specification) you should include a ".bidsignore" file in your dataset (see https://github.com/bids-standard/bids-validator#bidsignore for details). Please note that derived (processed) data should be placed in /derivatives folder and source data (such as DICOMS or behavioural logs in proprietary formats) should be placed in the /sourcedata folder. (code: 1 - NOT_INCLUDED)[39m
		./missing-files/missing_anat_ses-1.txt
			Evidence: missing_anat_ses-1.txt
		./missing-files/missing_anat_ses-2.txt
			Evidence: missing_anat_ses-2.txt
		./missing-files/missing_anat_ses-3.txt
			Evidence: missing_anat_ses-3.txt
		./missing-files/missing_anat_ses-4.txt
			Evidence: missing_anat_ses-4.txt
		./missing-files/missing_dwi_ses-1.txt
			Evidence: missing_dwi_ses-1.txt
		./missing-files/missing_dwi_ses-2.txt
			Evidence: missing_dwi_ses-2.txt
		./missing-files/missing_dwi_ses-3.txt
			Evidence: missing_dwi_ses-3.txt
		./missing-files/missing_dwi_ses-4.txt
			Evidence: missing_dwi_ses-4.txt
		./missing_anat_ses-4_retry.txt
			Evidence: missing_anat_ses-4_retry.txt
		./sub-10090/ses-1/dwi/sub-10090_ses-1_run-01_dwi.bvals
			Evidence: sub-10090_ses-1_run-01_dwi.bvals
		[31m... and 7 more files having this issue (Use --verbose to see them all).[39m

[36m	Please visit https://neurostars.org/search?q=NOT_INCLUDED for existing conversations about this issue.[39m

	[31m2: [ERR] Session label in the filename doesn't match with the path of the file. File seems to be saved in incorrect session directory. (code: 65 - SESSION_LABEL_IN_FILENAME_DOESNOT_MATCH_DIRECTORY)[39m
		./sub-10090/ses-2/anat/sub-10090_ses-1_run-01_T1w.json
			Evidence: File: /sub-10090/ses-2/anat/sub-10090_ses-1_run-01_T1w.json is saved in incorrect session directory as per ses-id in filename.
		./sub-10090/ses-2/anat/sub-10090_ses-1_run-01_T1w.nii.gz
			Evidence: File: /sub-10090/ses-2/anat/sub-10090_ses-1_run-01_T1w.nii.gz is saved in incorrect session directory as per ses-id in filename.
		./sub-10090/ses-2/anat/sub-10090_ses-1_run-02_T1w.json
			Evidence: File: /sub-10090/ses-2/anat/sub-10090_ses-1_run-02_T1w.json is saved in incorrect session directory as per ses-id in filename.
		./sub-10090/ses-2/anat/sub-10090_ses-1_run-02_T1w.nii.gz
			Evidence: File: /sub-10090/ses-2/anat/sub-10090_ses-1_run-02_T1w.nii.gz is saved in incorrect session directory as per ses-id in filename.

[36m	Please visit https://neurostars.org/search?q=SESSION_LABEL_IN_FILENAME_DOESNOT_MATCH_DIRECTORY for existing conversations about this issue.[39m


        [34m[4mSummary:[24m[39m                    [34m[4mAvailable Tasks:[24m[39m        [34m[4mAvailable Modalities:[24m[39m 
        6479 Files, 409.07GB        MID                     T1w                   
        279 - Subjects                                      dwi                   
        4 - Sessions                                        bold                  
                                                            events                


[36m	If you have any questions, please post on https://neurostars.org/tags/bids.[39m

Making sure the input data is BIDS compliant (warnings can be ignored in most cases).
200119-11:40:17,389 nipype.workflow IMPORTANT:
	 
    Running fMRIPREP version 1.5.4:
      * BIDS dataset path: /projects/b1108/data/BrainMAPD.
      * Participant list: ['10090'].
      * Run identifier: 20200119-113637_947bdfe9-040b-4b7a-a50c-dff9128cd712.
    
200119-11:40:24,500 nipype.utils INFO:
	 Running nipype version 1.3.1 (latest: 1.4.0)
200119-11:40:28,403 nipype.workflow IMPORTANT:
	 Creating bold processing workflow for "/projects/b1108/data/BrainMAPD/sub-10090/ses-1/func/sub-10090_ses-1_task-MID_run-01_bold.nii.gz" (0.24 GB / 281 TRs). Memory resampled/largemem=0.97/1.64 GB.
200119-11:40:29,245 nipype.workflow IMPORTANT:
	 No single-band-reference found for sub-10090_ses-1_task-MID_run-01_bold.nii.gz
200119-11:40:32,583 nipype.workflow IMPORTANT:
	 Slice-timing correction will be included.
200119-11:40:35,117 nipype.workflow IMPORTANT:
	 Creating bold processing workflow for "/projects/b1108/data/BrainMAPD/sub-10090/ses-1/func/sub-10090_ses-1_task-MID_run-02_bold.nii.gz" (0.24 GB / 281 TRs). Memory resampled/largemem=0.97/1.65 GB.
200119-11:40:35,915 nipype.workflow IMPORTANT:
	 No single-band-reference found for sub-10090_ses-1_task-MID_run-02_bold.nii.gz
200119-11:40:39,365 nipype.workflow IMPORTANT:
	 Slice-timing correction will be included.
200119-11:40:41,971 nipype.workflow IMPORTANT:
	 Creating bold processing workflow for "/projects/b1108/data/BrainMAPD/sub-10090/ses-2/func/sub-10090_ses-2_task-MID_run-01_bold.nii.gz" (0.24 GB / 281 TRs). Memory resampled/largemem=0.97/1.64 GB.
200119-11:40:42,760 nipype.workflow IMPORTANT:
	 No single-band-reference found for sub-10090_ses-2_task-MID_run-01_bold.nii.gz
200119-11:40:45,868 nipype.workflow IMPORTANT:
	 Slice-timing correction will be included.
200119-11:40:48,474 nipype.workflow IMPORTANT:
	 Creating bold processing workflow for "/projects/b1108/data/BrainMAPD/sub-10090/ses-2/func/sub-10090_ses-2_task-MID_run-02_bold.nii.gz" (0.24 GB / 281 TRs). Memory resampled/largemem=0.97/1.65 GB.
200119-11:40:49,273 nipype.workflow IMPORTANT:
	 No single-band-reference found for sub-10090_ses-2_task-MID_run-02_bold.nii.gz
200119-11:40:52,484 nipype.workflow IMPORTANT:
	 Slice-timing correction will be included.
200119-11:41:01,949 nipype.workflow IMPORTANT:
	 Works derived from this fMRIPrep execution should include the following boilerplate:


Results included in this manuscript come from preprocessing
performed using *fMRIPrep* 1.5.4
(@fmriprep1; @fmriprep2; RRID:SCR_016216),
which is based on *Nipype* 1.3.1
(@nipype1; @nipype2; RRID:SCR_002502).

Anatomical data preprocessing

: A total of 4 T1-weighted (T1w) images were found within the input
BIDS dataset.
All of them were corrected for intensity non-uniformity (INU)
with `N4BiasFieldCorrection` [@n4], distributed with ANTs 2.2.0 [@ants, RRID:SCR_004757].
The T1w-reference was then skull-stripped with a *Nipype* implementation of
the `antsBrainExtraction.sh` workflow (from ANTs), using OASIS30ANTs
as target template.
Brain tissue segmentation of cerebrospinal fluid (CSF),
white-matter (WM) and gray-matter (GM) was performed on
the brain-extracted T1w using `fast` [FSL 5.0.9, RRID:SCR_002823,
@fsl_fast].
A T1w-reference map was computed after registration of
4 T1w images (after INU-correction) using
`mri_robust_template` [FreeSurfer 6.0.1, @fs_template].
Volume-based spatial normalization to one standard space (MNI152NLin2009cAsym) was performed through
nonlinear registration with `antsRegistration` (ANTs 2.2.0),
using brain-extracted versions of both T1w reference and the T1w template.
The following template was selected for spatial normalization:
*ICBM 152 Nonlinear Asymmetrical template version 2009c* [@mni152nlin2009casym, RRID:SCR_008796; TemplateFlow ID: MNI152NLin2009cAsym].

Functional data preprocessing

: For each of the 4 BOLD runs found per subject (across all
tasks and sessions), the following preprocessing was performed.
First, a reference volume and its skull-stripped version were generated
using a custom methodology of *fMRIPrep*.
Susceptibility distortion correction (SDC) was omitted.
The BOLD reference was then co-registered to the T1w reference using
`flirt` [FSL 5.0.9, @flirt] with the boundary-based registration [@bbr]
cost-function.
Co-registration was configured with nine degrees of freedom to account
for distortions remaining in the BOLD reference.
Head-motion parameters with respect to the BOLD reference
(transformation matrices, and six corresponding rotation and translation
parameters) are estimated before any spatiotemporal filtering using
`mcflirt` [FSL 5.0.9, @mcflirt].
BOLD runs were slice-time corrected using `3dTshift` from
AFNI 20160207 [@afni, RRID:SCR_005927].
The BOLD time-series (including slice-timing correction when applied)
were resampled onto their original, native space by applying
the transforms to correct for head-motion.
These resampled BOLD time-series will be referred to as *preprocessed
BOLD in original space*, or just *preprocessed BOLD*.
The BOLD time-series were resampled into standard space,
generating a *preprocessed BOLD run in ['MNI152NLin2009cAsym'] space*.
First, a reference volume and its skull-stripped version were generated
using a custom methodology of *fMRIPrep*.
Several confounding time-series were calculated based on the
*preprocessed BOLD*: framewise displacement (FD), DVARS and
three region-wise global signals.
FD and DVARS are calculated for each functional run, both using their
implementations in *Nipype* [following the definitions by @power_fd_dvars].
The three global signals are extracted within the CSF, the WM, and
the whole-brain masks.
Additionally, a set of physiological regressors were extracted to
allow for component-based noise correction [*CompCor*, @compcor].
Principal components are estimated after high-pass filtering the
*preprocessed BOLD* time-series (using a discrete cosine filter with
128s cut-off) for the two *CompCor* variants: temporal (tCompCor)
and anatomical (aCompCor).
tCompCor components are then calculated from the top 5% variable
voxels within a mask covering the subcortical regions.
This subcortical mask is obtained by heavily eroding the brain mask,
which ensures it does not include cortical GM regions.
For aCompCor, components are calculated within the intersection of
the aforementioned mask and the union of CSF and WM masks calculated
in T1w space, after their projection to the native space of each
functional run (using the inverse BOLD-to-T1w transformation). Components
are also calculated separately within the WM and CSF masks.
For each CompCor decomposition, the *k* components with the largest singular
values are retained, such that the retained components' time series are
sufficient to explain 50 percent of variance across the nuisance mask (CSF,
WM, combined, or temporal). The remaining components are dropped from
consideration.
The head-motion estimates calculated in the correction step were also
placed within the corresponding confounds file.
The confound time series derived from head motion estimates and global
signals were expanded with the inclusion of temporal derivatives and
quadratic terms for each [@confounds_satterthwaite_2013].
Frames that exceeded a threshold of 0.5 mm FD or 1.5 standardised DVARS
were annotated as motion outliers.
All resamplings can be performed with *a single interpolation
step* by composing all the pertinent transformations (i.e. head-motion
transform matrices, susceptibility distortion correction when available,
and co-registrations to anatomical and output spaces).
Gridded (volumetric) resamplings were performed using `antsApplyTransforms` (ANTs),
configured with Lanczos interpolation to minimize the smoothing
effects of other kernels [@lanczos].
Non-gridded (surface) resamplings were performed using `mri_vol2surf`
(FreeSurfer).


Many internal operations of *fMRIPrep* use
*Nilearn* 0.6.0 [@nilearn, RRID:SCR_001362],
mostly within the functional processing workflow.
For more details of the pipeline, see [the section corresponding
to workflows in *fMRIPrep*'s documentation](https://fmriprep.readthedocs.io/en/latest/workflows.html "FMRIPrep's documentation").


### Copyright Waiver

The above boilerplate text was automatically generated by fMRIPrep
with the express intention that users should copy and paste this
text into their manuscripts *unchanged*.
It is released under the [CC0](https://creativecommons.org/publicdomain/zero/1.0/) license.

### References


200119-11:41:42,786 nipype.workflow INFO:
	 [Node] Setting-up "fmriprep_wf.single_subject_10090_wf.func_preproc_ses_2_task_MID_run_01_wf.func_derivatives_wf.raw_sources" in "/projects/b1108/projects/BrainMAPD_func_conn/work/fmriprep_wf/single_subject_10090_wf/func_preproc_ses_2_task_MID_run_01_wf/func_derivatives_wf/raw_sources".
200119-11:41:42,814 nipype.workflow INFO:
	 [Node] Setting-up "fmriprep_wf.single_subject_10090_wf.func_preproc_ses_2_task_MID_run_02_wf.func_derivatives_wf.raw_sources" in "/projects/b1108/projects/BrainMAPD_func_conn/work/fmriprep_wf/single_subject_10090_wf/func_preproc_ses_2_task_MID_run_02_wf/func_derivatives_wf/raw_sources".
200119-11:41:42,779 nipype.workflow INFO:
	 [Node] Setting-up "fmriprep_wf.single_subject_10090_wf.func_preproc_ses_1_task_MID_run_02_wf.func_derivatives_wf.raw_sources" in "/projects/b1108/projects/BrainMAPD_func_conn/work/fmriprep_wf/single_subject_10090_wf/func_preproc_ses_1_task_MID_run_02_wf/func_derivatives_wf/raw_sources".
200119-11:41:42,866 nipype.workflow INFO:
	 [Node] Setting-up "fmriprep_wf.single_subject_10090_wf.func_preproc_ses_1_task_MID_run_01_wf.func_derivatives_wf.raw_sources" in "/projects/b1108/projects/BrainMAPD_func_conn/work/fmriprep_wf/single_subject_10090_wf/func_preproc_ses_1_task_MID_run_01_wf/func_derivatives_wf/raw_sources".
200119-11:41:42,872 nipype.workflow INFO:
	 [Node] Running "raw_sources" ("nipype.interfaces.utility.wrappers.Function")
200119-11:41:42,880 nipype.workflow INFO:
	 [Node] Running "raw_sources" ("nipype.interfaces.utility.wrappers.Function")
200119-11:41:42,901 nipype.workflow INFO:
	 [Node] Running "raw_sources" ("nipype.interfaces.utility.wrappers.Function")
200119-11:41:42,914 nipype.workflow INFO:
	 [Node] Finished "fmriprep_wf.single_subject_10090_wf.func_preproc_ses_2_task_MID_run_01_wf.func_derivatives_wf.raw_sources".
200119-11:41:42,915 nipype.workflow INFO:
	 [Node] Finished "fmriprep_wf.single_subject_10090_wf.func_preproc_ses_1_task_MID_run_02_wf.func_derivatives_wf.raw_sources".
200119-11:41:42,928 nipype.workflow INFO:
	 [Node] Running "raw_sources" ("nipype.interfaces.utility.wrappers.Function")
200119-11:41:42,949 nipype.workflow INFO:
	 [Node] Finished "fmriprep_wf.single_subject_10090_wf.func_preproc_ses_2_task_MID_run_02_wf.func_derivatives_wf.raw_sources".
200119-11:41:42,985 nipype.workflow INFO:
	 [Node] Finished "fmriprep_wf.single_subject_10090_wf.func_preproc_ses_1_task_MID_run_01_wf.func_derivatives_wf.raw_sources".
200119-11:42:21,153 nipype.workflow INFO:
	 [Node] Setting-up "fmriprep_wf.single_subject_10090_wf.anat_preproc_wf.brain_extraction_wf.res_tmpl" in "/projects/b1108/projects/BrainMAPD_func_conn/work/fmriprep_wf/single_subject_10090_wf/anat_preproc_wf/brain_extraction_wf/res_tmpl".
200119-11:42:21,226 nipype.workflow INFO:
	 [Node] Running "res_tmpl" ("niworkflows.interfaces.ants.ResampleImageBySpacing"), a CommandLine Interface with command:
ResampleImageBySpacing 3 /home/zaz3744/.cache/templateflow/tpl-OASIS30ANTs/tpl-OASIS30ANTs_res-01_T1w.nii.gz tpl-OASIS30ANTs_res-01_T1w_resampled.nii.gz 4 4 4 1
200119-11:42:21,230 nipype.workflow INFO:
	 [Node] Setting-up "fmriprep_wf.single_subject_10090_wf.anat_preproc_wf.brain_extraction_wf.lap_tmpl" in "/projects/b1108/projects/BrainMAPD_func_conn/work/fmriprep_wf/single_subject_10090_wf/anat_preproc_wf/brain_extraction_wf/lap_tmpl".
200119-11:42:21,256 nipype.workflow INFO:
	 [Node] Setting-up "fmriprep_wf.single_subject_10090_wf.func_preproc_ses_2_task_MID_run_01_wf.bold_reference_wf.validate" in "/projects/b1108/projects/BrainMAPD_func_conn/work/fmriprep_wf/single_subject_10090_wf/func_preproc_ses_2_task_MID_run_01_wf/bold_reference_wf/validate".
200119-11:42:21,271 nipype.workflow INFO:
	 [Node] Setting-up "fmriprep_wf.single_subject_10090_wf.func_preproc_ses_1_task_MID_run_01_wf.bold_reference_wf.validate" in "/projects/b1108/projects/BrainMAPD_func_conn/work/fmriprep_wf/single_subject_10090_wf/func_preproc_ses_1_task_MID_run_01_wf/bold_reference_wf/validate".
200119-11:42:21,286 nipype.workflow INFO:
	 [Node] Setting-up "fmriprep_wf.single_subject_10090_wf.func_preproc_ses_1_task_MID_run_02_wf.bold_reference_wf.validate" in "/projects/b1108/projects/BrainMAPD_func_conn/work/fmriprep_wf/single_subject_10090_wf/func_preproc_ses_1_task_MID_run_02_wf/bold_reference_wf/validate".
200119-11:42:21,287 nipype.workflow INFO:
	 [Node] Running "lap_tmpl" ("niworkflows.interfaces.ants.ImageMath"), a CommandLine Interface with command:
ImageMath 3 tpl-OASIS30ANTs_res-01_T1w_maths.nii.gz Laplacian /home/zaz3744/.cache/templateflow/tpl-OASIS30ANTs/tpl-OASIS30ANTs_res-01_T1w.nii.gz 1.5 1
200119-11:42:21,297 nipype.workflow INFO:
	 [Node] Setting-up "fmriprep_wf.single_subject_10090_wf.func_preproc_ses_2_task_MID_run_02_wf.bold_reference_wf.validate" in "/projects/b1108/projects/BrainMAPD_func_conn/work/fmriprep_wf/single_subject_10090_wf/func_preproc_ses_2_task_MID_run_02_wf/bold_reference_wf/validate".
200119-11:42:21,311 nipype.workflow INFO:
	 [Node] Running "validate" ("niworkflows.interfaces.images.ValidateImage")
200119-11:42:21,322 nipype.workflow INFO:
	 [Node] Running "validate" ("niworkflows.interfaces.images.ValidateImage")
200119-11:42:21,354 nipype.workflow INFO:
	 [Node] Running "validate" ("niworkflows.interfaces.images.ValidateImage")
200119-11:42:21,370 nipype.workflow INFO:
	 [Node] Running "validate" ("niworkflows.interfaces.images.ValidateImage")
200119-11:42:21,661 nipype.workflow INFO:
	 [Node] Finished "fmriprep_wf.single_subject_10090_wf.func_preproc_ses_2_task_MID_run_02_wf.bold_reference_wf.validate".
200119-11:42:21,663 nipype.workflow INFO:
	 [Node] Finished "fmriprep_wf.single_subject_10090_wf.func_preproc_ses_2_task_MID_run_01_wf.bold_reference_wf.validate".
200119-11:42:21,664 nipype.workflow INFO:
	 [Node] Finished "fmriprep_wf.single_subject_10090_wf.func_preproc_ses_1_task_MID_run_01_wf.bold_reference_wf.validate".
200119-11:42:21,667 nipype.workflow INFO:
	 [Node] Finished "fmriprep_wf.single_subject_10090_wf.func_preproc_ses_1_task_MID_run_02_wf.bold_reference_wf.validate".
200119-11:42:22,389 nipype.workflow INFO:
	 [Node] Setting-up "fmriprep_wf.single_subject_10090_wf.bidssrc" in "/projects/b1108/projects/BrainMAPD_func_conn/work/fmriprep_wf/single_subject_10090_wf/bidssrc".
200119-11:42:22,432 nipype.workflow INFO:
	 [Node] Running "bidssrc" ("niworkflows.interfaces.bids.BIDSDataGrabber")
200119-11:42:22,433 nipype.interface WARNING:
	 No "t2w" images found for sub-<undefined>
200119-11:42:22,433 nipype.interface WARNING:
	 No "flair" images found for sub-<undefined>
200119-11:42:22,433 nipype.interface WARNING:
	 No "fmap" images found for sub-<undefined>
200119-11:42:22,433 nipype.interface WARNING:
	 No "sbref" images found for sub-<undefined>
200119-11:42:22,433 nipype.interface WARNING:
	 No "roi" images found for sub-<undefined>
200119-11:42:22,443 nipype.workflow INFO:
	 [Node] Finished "fmriprep_wf.single_subject_10090_wf.bidssrc".
200119-11:42:22,795 nipype.utils INFO:
	 Running nipype version 1.3.1 (latest: 1.4.0)
200119-11:42:22,803 nipype.utils INFO:
	 Running nipype version 1.3.1 (latest: 1.4.0)
200119-11:42:38,138 nipype.workflow INFO:
	 [Node] Finished "fmriprep_wf.single_subject_10090_wf.anat_preproc_wf.brain_extraction_wf.res_tmpl".
200119-11:43:12,864 nipype.workflow INFO:
	 [Node] Setting-up "fmriprep_wf.single_subject_10090_wf.func_preproc_ses_1_task_MID_run_01_wf.bold_reference_wf.gen_ref" in "/projects/b1108/projects/BrainMAPD_func_conn/work/fmriprep_wf/single_subject_10090_wf/func_preproc_ses_1_task_MID_run_01_wf/bold_reference_wf/gen_ref".
200119-11:43:13,31 nipype.workflow INFO:
	 [Node] Running "gen_ref" ("niworkflows.interfaces.registration.EstimateReferenceImage")
200119-11:43:14,37 nipype.workflow INFO:
	 [Node] Setting-up "fmriprep_wf.single_subject_10090_wf.func_preproc_ses_1_task_MID_run_02_wf.bold_reference_wf.gen_ref" in "/projects/b1108/projects/BrainMAPD_func_conn/work/fmriprep_wf/single_subject_10090_wf/func_preproc_ses_1_task_MID_run_02_wf/bold_reference_wf/gen_ref".
200119-11:43:14,247 nipype.workflow INFO:
	 [Node] Running "gen_ref" ("niworkflows.interfaces.registration.EstimateReferenceImage")
200119-11:43:15,174 nipype.workflow INFO:
	 [Node] Setting-up "fmriprep_wf.single_subject_10090_wf.func_preproc_ses_2_task_MID_run_01_wf.bold_reference_wf.gen_ref" in "/projects/b1108/projects/BrainMAPD_func_conn/work/fmriprep_wf/single_subject_10090_wf/func_preproc_ses_2_task_MID_run_01_wf/bold_reference_wf/gen_ref".
200119-11:43:15,344 nipype.workflow INFO:
	 [Node] Running "gen_ref" ("niworkflows.interfaces.registration.EstimateReferenceImage")
200119-11:43:16,289 nipype.workflow INFO:
	 [Node] Setting-up "fmriprep_wf.single_subject_10090_wf.func_preproc_ses_2_task_MID_run_02_wf.bold_reference_wf.gen_ref" in "/projects/b1108/projects/BrainMAPD_func_conn/work/fmriprep_wf/single_subject_10090_wf/func_preproc_ses_2_task_MID_run_02_wf/bold_reference_wf/gen_ref".
200119-11:43:16,510 nipype.workflow INFO:
	 [Node] Running "gen_ref" ("niworkflows.interfaces.registration.EstimateReferenceImage")
200119-11:43:16,645 nipype.workflow INFO:
	 [Node] Setting-up "fmriprep_wf.single_subject_10090_wf.anat_preproc_wf.anat_template_wf.t1w_ref_dimensions" in "/projects/b1108/projects/BrainMAPD_func_conn/work/fmriprep_wf/single_subject_10090_wf/anat_preproc_wf/anat_template_wf/t1w_ref_dimensions".
200119-11:43:18,168 nipype.workflow INFO:
	 [Node] Running "t1w_ref_dimensions" ("niworkflows.interfaces.images.TemplateDimensions")
200119-11:43:18,595 nipype.workflow INFO:
	 [Node] Finished "fmriprep_wf.single_subject_10090_wf.anat_preproc_wf.anat_template_wf.t1w_ref_dimensions".
200119-11:43:19,102 nipype.workflow INFO:
	 [Node] Setting-up "fmriprep_wf.single_subject_10090_wf.bids_info" in "/projects/b1108/projects/BrainMAPD_func_conn/work/fmriprep_wf/single_subject_10090_wf/bids_info".
200119-11:43:19,163 nipype.workflow INFO:
	 [Node] Running "bids_info" ("niworkflows.interfaces.bids.BIDSInfo")
200119-11:43:36,956 nipype.workflow INFO:
	 [Node] Setting-up "fmriprep_wf.single_subject_10090_wf.anat_preproc_wf.anat_derivatives_wf.raw_sources" in "/projects/b1108/projects/BrainMAPD_func_conn/work/fmriprep_wf/single_subject_10090_wf/anat_preproc_wf/anat_derivatives_wf/raw_sources".
200119-11:43:37,92 nipype.workflow INFO:
	 [Node] Setting-up "fmriprep_wf.single_subject_10090_wf.anat_preproc_wf.anat_derivatives_wf.t1w_name" in "/projects/b1108/projects/BrainMAPD_func_conn/work/fmriprep_wf/single_subject_10090_wf/anat_preproc_wf/anat_derivatives_wf/t1w_name".
200119-11:43:37,738 nipype.utils INFO:
	 Running nipype version 1.3.1 (latest: 1.4.0)
200119-11:43:38,577 nipype.interface INFO:
	 stderr 2020-01-19T11:43:38.577588:++ 3dvolreg: AFNI version=Debian-16.2.07~dfsg.1-5~nd16.04+1 (Jun 12 2017) [64-bit]
200119-11:43:38,578 nipype.interface INFO:
	 stderr 2020-01-19T11:43:38.577988:++ Authored by: RW Cox
200119-11:43:38,636 nipype.interface INFO:
	 stderr 2020-01-19T11:43:38.636475:** AFNI converts NIFTI_datatype=512 (UINT16) in file /projects/b1108/projects/BrainMAPD_func_conn/work/fmriprep_wf/single_subject_10090_wf/func_preproc_ses_1_task_MID_run_01_wf/bold_reference_wf/gen_ref/slice.nii.gz to FLOAT32
200119-11:43:38,636 nipype.interface INFO:
	 stderr 2020-01-19T11:43:38.636715:     Warnings of this type will be muted for this session.
200119-11:43:38,636 nipype.interface INFO:
	 stderr 2020-01-19T11:43:38.636715:     Set AFNI_NIFTI_TYPE_WARN to YES to see them all, NO to see none.
200119-11:43:38,799 nipype.interface INFO:
	 stderr 2020-01-19T11:43:38.799180:[7m*+ WARNING:[0m   If you are performing spatial transformations on an oblique dset, 
200119-11:43:38,799 nipype.interface INFO:
	 stderr 2020-01-19T11:43:38.799180:  such as /projects/b1108/projects/BrainMAPD_func_conn/work/fmriprep_wf/single_subject_10090_wf/func_preproc_ses_1_task_MID_run_01_wf/bold_reference_wf/gen_ref/slice.nii.gz,
200119-11:43:38,799 nipype.interface INFO:
	 stderr 2020-01-19T11:43:38.799180:  or viewing/combining it with volumes of differing obliquity,
200119-11:43:38,799 nipype.interface INFO:
	 stderr 2020-01-19T11:43:38.799180:  you should consider running: 
200119-11:43:38,799 nipype.interface INFO:
	 stderr 2020-01-19T11:43:38.799180:     3dWarp -deoblique 
200119-11:43:38,799 nipype.interface INFO:
	 stderr 2020-01-19T11:43:38.799180:  on this and  other oblique datasets in the same session.
200119-11:43:38,799 nipype.interface INFO:
	 stderr 2020-01-19T11:43:38.799180: See 3dWarp -help for details.
200119-11:43:38,799 nipype.interface INFO:
	 stderr 2020-01-19T11:43:38.799746:++ Oblique dataset:/projects/b1108/projects/BrainMAPD_func_conn/work/fmriprep_wf/single_subject_10090_wf/func_preproc_ses_1_task_MID_run_01_wf/bold_reference_wf/gen_ref/slice.nii.gz is 1.920812 degrees from plumb.
200119-11:43:38,814 nipype.interface INFO:
	 stderr 2020-01-19T11:43:38.814057:++ Coarse del was 10, replaced with 6
200119-11:43:39,684 nipype.utils INFO:
	 Running nipype version 1.3.1 (latest: 1.4.0)
200119-11:43:40,308 nipype.interface INFO:
	 stderr 2020-01-19T11:43:40.308381:++ 3dvolreg: AFNI version=Debian-16.2.07~dfsg.1-5~nd16.04+1 (Jun 12 2017) [64-bit]
200119-11:43:40,308 nipype.interface INFO:
	 stderr 2020-01-19T11:43:40.308798:++ Authored by: RW Cox
200119-11:43:40,356 nipype.interface INFO:
	 stderr 2020-01-19T11:43:40.356463:** AFNI converts NIFTI_datatype=512 (UINT16) in file /projects/b1108/projects/BrainMAPD_func_conn/work/fmriprep_wf/single_subject_10090_wf/func_preproc_ses_1_task_MID_run_02_wf/bold_reference_wf/gen_ref/slice.nii.gz to FLOAT32
200119-11:43:40,356 nipype.interface INFO:
	 stderr 2020-01-19T11:43:40.356694:     Warnings of this type will be muted for this session.
200119-11:43:40,356 nipype.interface INFO:
	 stderr 2020-01-19T11:43:40.356694:     Set AFNI_NIFTI_TYPE_WARN to YES to see them all, NO to see none.
200119-11:43:40,357 nipype.interface INFO:
	 stderr 2020-01-19T11:43:40.357285:[7m*+ WARNING:[0m   If you are performing spatial transformations on an oblique dset, 
200119-11:43:40,357 nipype.interface INFO:
	 stderr 2020-01-19T11:43:40.357285:  such as /projects/b1108/projects/BrainMAPD_func_conn/work/fmriprep_wf/single_subject_10090_wf/func_preproc_ses_1_task_MID_run_02_wf/bold_reference_wf/gen_ref/slice.nii.gz,
200119-11:43:40,357 nipype.interface INFO:
	 stderr 2020-01-19T11:43:40.357285:  or viewing/combining it with volumes of differing obliquity,
200119-11:43:40,357 nipype.interface INFO:
	 stderr 2020-01-19T11:43:40.357285:  you should consider running: 
200119-11:43:40,357 nipype.interface INFO:
	 stderr 2020-01-19T11:43:40.357285:     3dWarp -deoblique 
200119-11:43:40,357 nipype.interface INFO:
	 stderr 2020-01-19T11:43:40.357285:  on this and  other oblique datasets in the same session.
200119-11:43:40,357 nipype.interface INFO:
	 stderr 2020-01-19T11:43:40.357285: See 3dWarp -help for details.
200119-11:43:40,357 nipype.interface INFO:
	 stderr 2020-01-19T11:43:40.357730:++ Oblique dataset:/projects/b1108/projects/BrainMAPD_func_conn/work/fmriprep_wf/single_subject_10090_wf/func_preproc_ses_1_task_MID_run_02_wf/bold_reference_wf/gen_ref/slice.nii.gz is 1.920812 degrees from plumb.
200119-11:43:40,357 nipype.interface INFO:
	 stderr 2020-01-19T11:43:40.357862:++ Coarse del was 10, replaced with 6
200119-11:43:41,635 nipype.utils INFO:
	 Running nipype version 1.3.1 (latest: 1.4.0)
200119-11:43:42,330 nipype.interface INFO:
	 stderr 2020-01-19T11:43:42.330138:++ 3dvolreg: AFNI version=Debian-16.2.07~dfsg.1-5~nd16.04+1 (Jun 12 2017) [64-bit]
200119-11:43:42,330 nipype.interface INFO:
	 stderr 2020-01-19T11:43:42.330564:++ Authored by: RW Cox
200119-11:43:42,334 nipype.interface INFO:
	 stderr 2020-01-19T11:43:42.334402:** AFNI converts NIFTI_datatype=512 (UINT16) in file /projects/b1108/projects/BrainMAPD_func_conn/work/fmriprep_wf/single_subject_10090_wf/func_preproc_ses_2_task_MID_run_01_wf/bold_reference_wf/gen_ref/slice.nii.gz to FLOAT32
200119-11:43:42,334 nipype.interface INFO:
	 stderr 2020-01-19T11:43:42.334550:     Warnings of this type will be muted for this session.
200119-11:43:42,334 nipype.interface INFO:
	 stderr 2020-01-19T11:43:42.334550:     Set AFNI_NIFTI_TYPE_WARN to YES to see them all, NO to see none.
200119-11:43:42,335 nipype.interface INFO:
	 stderr 2020-01-19T11:43:42.335140:[7m*+ WARNING:[0m   If you are performing spatial transformations on an oblique dset, 
200119-11:43:42,335 nipype.interface INFO:
	 stderr 2020-01-19T11:43:42.335140:  such as /projects/b1108/projects/BrainMAPD_func_conn/work/fmriprep_wf/single_subject_10090_wf/func_preproc_ses_2_task_MID_run_01_wf/bold_reference_wf/gen_ref/slice.nii.gz,
200119-11:43:42,335 nipype.interface INFO:
	 stderr 2020-01-19T11:43:42.335140:  or viewing/combining it with volumes of differing obliquity,
200119-11:43:42,335 nipype.interface INFO:
	 stderr 2020-01-19T11:43:42.335140:  you should consider running: 
200119-11:43:42,335 nipype.interface INFO:
	 stderr 2020-01-19T11:43:42.335140:     3dWarp -deoblique 
200119-11:43:42,335 nipype.interface INFO:
	 stderr 2020-01-19T11:43:42.335140:  on this and  other oblique datasets in the same session.
200119-11:43:42,335 nipype.interface INFO:
	 stderr 2020-01-19T11:43:42.335140: See 3dWarp -help for details.
200119-11:43:42,335 nipype.interface INFO:
	 stderr 2020-01-19T11:43:42.335581:++ Oblique dataset:/projects/b1108/projects/BrainMAPD_func_conn/work/fmriprep_wf/single_subject_10090_wf/func_preproc_ses_2_task_MID_run_01_wf/bold_reference_wf/gen_ref/slice.nii.gz is 1.920812 degrees from plumb.
200119-11:43:42,335 nipype.interface INFO:
	 stderr 2020-01-19T11:43:42.335709:++ Coarse del was 10, replaced with 6
200119-11:43:43,578 nipype.utils INFO:
	 Running nipype version 1.3.1 (latest: 1.4.0)
200119-11:43:44,270 nipype.interface INFO:
	 stderr 2020-01-19T11:43:44.270648:++ 3dvolreg: AFNI version=Debian-16.2.07~dfsg.1-5~nd16.04+1 (Jun 12 2017) [64-bit]
200119-11:43:44,271 nipype.interface INFO:
	 stderr 2020-01-19T11:43:44.271090:++ Authored by: RW Cox
200119-11:43:44,279 nipype.interface INFO:
	 stderr 2020-01-19T11:43:44.279466:** AFNI converts NIFTI_datatype=512 (UINT16) in file /projects/b1108/projects/BrainMAPD_func_conn/work/fmriprep_wf/single_subject_10090_wf/func_preproc_ses_2_task_MID_run_02_wf/bold_reference_wf/gen_ref/slice.nii.gz to FLOAT32
200119-11:43:44,279 nipype.interface INFO:
	 stderr 2020-01-19T11:43:44.279708:     Warnings of this type will be muted for this session.
200119-11:43:44,279 nipype.interface INFO:
	 stderr 2020-01-19T11:43:44.279708:     Set AFNI_NIFTI_TYPE_WARN to YES to see them all, NO to see none.
200119-11:43:44,280 nipype.interface INFO:
	 stderr 2020-01-19T11:43:44.280313:[7m*+ WARNING:[0m   If you are performing spatial transformations on an oblique dset, 
200119-11:43:44,280 nipype.interface INFO:
	 stderr 2020-01-19T11:43:44.280313:  such as /projects/b1108/projects/BrainMAPD_func_conn/work/fmriprep_wf/single_subject_10090_wf/func_preproc_ses_2_task_MID_run_02_wf/bold_reference_wf/gen_ref/slice.nii.gz,
200119-11:43:44,280 nipype.interface INFO:
	 stderr 2020-01-19T11:43:44.280313:  or viewing/combining it with volumes of differing obliquity,
200119-11:43:44,280 nipype.interface INFO:
	 stderr 2020-01-19T11:43:44.280313:  you should consider running: 
200119-11:43:44,280 nipype.interface INFO:
	 stderr 2020-01-19T11:43:44.280313:     3dWarp -deoblique 
200119-11:43:44,280 nipype.interface INFO:
	 stderr 2020-01-19T11:43:44.280313:  on this and  other oblique datasets in the same session.
200119-11:43:44,280 nipype.interface INFO:
	 stderr 2020-01-19T11:43:44.280313: See 3dWarp -help for details.
200119-11:43:44,280 nipype.interface INFO:
	 stderr 2020-01-19T11:43:44.280754:++ Oblique dataset:/projects/b1108/projects/BrainMAPD_func_conn/work/fmriprep_wf/single_subject_10090_wf/func_preproc_ses_2_task_MID_run_02_wf/bold_reference_wf/gen_ref/slice.nii.gz is 1.920812 degrees from plumb.
200119-11:43:44,280 nipype.interface INFO:
	 stderr 2020-01-19T11:43:44.280885:++ Coarse del was 10, replaced with 6
200119-11:44:01,959 nipype.workflow INFO:
	 [Node] Finished "fmriprep_wf.single_subject_10090_wf.anat_preproc_wf.brain_extraction_wf.lap_tmpl".
200119-11:44:21,647 nipype.workflow INFO:
	 [Node] Setting-up "fmriprep_wf.single_subject_10090_wf.anat_preproc_wf.brain_extraction_wf.mrg_tmpl" in "/projects/b1108/projects/BrainMAPD_func_conn/work/fmriprep_wf/single_subject_10090_wf/anat_preproc_wf/brain_extraction_wf/mrg_tmpl".
