modules loaded
/projects/b1108
beginning preprocessing
	[31m1: [ERR] Files with such naming scheme are not part of BIDS specification. This error is most commonly caused by typos in file names that make them not BIDS compatible. Please consult the specification and make sure your files are named correctly. If this is not a file naming issue (for example when including files not yet covered by the BIDS specification) you should include a ".bidsignore" file in your dataset (see https://github.com/bids-standard/bids-validator#bidsignore for details). Please note that derived (processed) data should be placed in /derivatives folder and source data (such as DICOMS or behavioural logs in proprietary formats) should be placed in the /sourcedata folder. (code: 1 - NOT_INCLUDED)[39m
		./missing-files/missing_anat_ses-1.txt
			Evidence: missing_anat_ses-1.txt
		./missing-files/missing_anat_ses-2.txt
			Evidence: missing_anat_ses-2.txt
		./missing-files/missing_anat_ses-3.txt
			Evidence: missing_anat_ses-3.txt
		./missing-files/missing_anat_ses-4.txt
			Evidence: missing_anat_ses-4.txt
		./missing-files/missing_dwi_ses-1.txt
			Evidence: missing_dwi_ses-1.txt
		./missing-files/missing_dwi_ses-2.txt
			Evidence: missing_dwi_ses-2.txt
		./missing-files/missing_dwi_ses-3.txt
			Evidence: missing_dwi_ses-3.txt
		./missing-files/missing_dwi_ses-4.txt
			Evidence: missing_dwi_ses-4.txt
		./missing_anat_ses-4_retry.txt
			Evidence: missing_anat_ses-4_retry.txt
		./sub-10084/ses-1/dwi/sub-10084_ses-1_run-01_dwi.bvals
			Evidence: sub-10084_ses-1_run-01_dwi.bvals
		[31m... and 5 more files having this issue (Use --verbose to see them all).[39m

[36m	Please visit https://neurostars.org/search?q=NOT_INCLUDED for existing conversations about this issue.[39m


        [34m[4mSummary:[24m[39m                    [34m[4mAvailable Tasks:[24m[39m        [34m[4mAvailable Modalities:[24m[39m 
        6479 Files, 409.07GB        MID                     T1w                   
        279 - Subjects                                      dwi                   
        4 - Sessions                                        bold                  
                                                            events                


[36m	If you have any questions, please post on https://neurostars.org/tags/bids.[39m

Making sure the input data is BIDS compliant (warnings can be ignored in most cases).
200119-11:40:09,872 nipype.workflow IMPORTANT:
	 
    Running fMRIPREP version 1.5.4:
      * BIDS dataset path: /projects/b1108/data/BrainMAPD.
      * Participant list: ['10084'].
      * Run identifier: 20200119-113630_bedb01ae-f7ac-47cf-8ec7-71c475e0c4dd.
    
200119-11:40:16,364 nipype.utils INFO:
	 Running nipype version 1.3.1 (latest: 1.4.0)
200119-11:40:20,19 nipype.workflow IMPORTANT:
	 Creating bold processing workflow for "/projects/b1108/data/BrainMAPD/sub-10084/ses-1/func/sub-10084_ses-1_task-MID_run-01_bold.nii.gz" (0.26 GB / 281 TRs). Memory resampled/largemem=1.02/1.74 GB.
200119-11:40:20,783 nipype.workflow IMPORTANT:
	 No single-band-reference found for sub-10084_ses-1_task-MID_run-01_bold.nii.gz
200119-11:40:24,25 nipype.workflow IMPORTANT:
	 Slice-timing correction will be included.
200119-11:40:26,569 nipype.workflow IMPORTANT:
	 Creating bold processing workflow for "/projects/b1108/data/BrainMAPD/sub-10084/ses-1/func/sub-10084_ses-1_task-MID_run-02_bold.nii.gz" (0.26 GB / 281 TRs). Memory resampled/largemem=1.02/1.74 GB.
200119-11:40:27,379 nipype.workflow IMPORTANT:
	 No single-band-reference found for sub-10084_ses-1_task-MID_run-02_bold.nii.gz
200119-11:40:30,301 nipype.workflow IMPORTANT:
	 Slice-timing correction will be included.
200119-11:40:39,793 nipype.workflow IMPORTANT:
	 Works derived from this fMRIPrep execution should include the following boilerplate:


Results included in this manuscript come from preprocessing
performed using *fMRIPrep* 1.5.4
(@fmriprep1; @fmriprep2; RRID:SCR_016216),
which is based on *Nipype* 1.3.1
(@nipype1; @nipype2; RRID:SCR_002502).

Anatomical data preprocessing

: A total of 2 T1-weighted (T1w) images were found within the input
BIDS dataset.
All of them were corrected for intensity non-uniformity (INU)
with `N4BiasFieldCorrection` [@n4], distributed with ANTs 2.2.0 [@ants, RRID:SCR_004757].
The T1w-reference was then skull-stripped with a *Nipype* implementation of
the `antsBrainExtraction.sh` workflow (from ANTs), using OASIS30ANTs
as target template.
Brain tissue segmentation of cerebrospinal fluid (CSF),
white-matter (WM) and gray-matter (GM) was performed on
the brain-extracted T1w using `fast` [FSL 5.0.9, RRID:SCR_002823,
@fsl_fast].
A T1w-reference map was computed after registration of
2 T1w images (after INU-correction) using
`mri_robust_template` [FreeSurfer 6.0.1, @fs_template].
Volume-based spatial normalization to one standard space (MNI152NLin2009cAsym) was performed through
nonlinear registration with `antsRegistration` (ANTs 2.2.0),
using brain-extracted versions of both T1w reference and the T1w template.
The following template was selected for spatial normalization:
*ICBM 152 Nonlinear Asymmetrical template version 2009c* [@mni152nlin2009casym, RRID:SCR_008796; TemplateFlow ID: MNI152NLin2009cAsym].

Functional data preprocessing

: For each of the 2 BOLD runs found per subject (across all
tasks and sessions), the following preprocessing was performed.
First, a reference volume and its skull-stripped version were generated
using a custom methodology of *fMRIPrep*.
Susceptibility distortion correction (SDC) was omitted.
The BOLD reference was then co-registered to the T1w reference using
`flirt` [FSL 5.0.9, @flirt] with the boundary-based registration [@bbr]
cost-function.
Co-registration was configured with nine degrees of freedom to account
for distortions remaining in the BOLD reference.
Head-motion parameters with respect to the BOLD reference
(transformation matrices, and six corresponding rotation and translation
parameters) are estimated before any spatiotemporal filtering using
`mcflirt` [FSL 5.0.9, @mcflirt].
BOLD runs were slice-time corrected using `3dTshift` from
AFNI 20160207 [@afni, RRID:SCR_005927].
The BOLD time-series (including slice-timing correction when applied)
were resampled onto their original, native space by applying
the transforms to correct for head-motion.
These resampled BOLD time-series will be referred to as *preprocessed
BOLD in original space*, or just *preprocessed BOLD*.
The BOLD time-series were resampled into standard space,
generating a *preprocessed BOLD run in ['MNI152NLin2009cAsym'] space*.
First, a reference volume and its skull-stripped version were generated
using a custom methodology of *fMRIPrep*.
Several confounding time-series were calculated based on the
*preprocessed BOLD*: framewise displacement (FD), DVARS and
three region-wise global signals.
FD and DVARS are calculated for each functional run, both using their
implementations in *Nipype* [following the definitions by @power_fd_dvars].
The three global signals are extracted within the CSF, the WM, and
the whole-brain masks.
Additionally, a set of physiological regressors were extracted to
allow for component-based noise correction [*CompCor*, @compcor].
Principal components are estimated after high-pass filtering the
*preprocessed BOLD* time-series (using a discrete cosine filter with
128s cut-off) for the two *CompCor* variants: temporal (tCompCor)
and anatomical (aCompCor).
tCompCor components are then calculated from the top 5% variable
voxels within a mask covering the subcortical regions.
This subcortical mask is obtained by heavily eroding the brain mask,
which ensures it does not include cortical GM regions.
For aCompCor, components are calculated within the intersection of
the aforementioned mask and the union of CSF and WM masks calculated
in T1w space, after their projection to the native space of each
functional run (using the inverse BOLD-to-T1w transformation). Components
are also calculated separately within the WM and CSF masks.
For each CompCor decomposition, the *k* components with the largest singular
values are retained, such that the retained components' time series are
sufficient to explain 50 percent of variance across the nuisance mask (CSF,
WM, combined, or temporal). The remaining components are dropped from
consideration.
The head-motion estimates calculated in the correction step were also
placed within the corresponding confounds file.
The confound time series derived from head motion estimates and global
signals were expanded with the inclusion of temporal derivatives and
quadratic terms for each [@confounds_satterthwaite_2013].
Frames that exceeded a threshold of 0.5 mm FD or 1.5 standardised DVARS
were annotated as motion outliers.
All resamplings can be performed with *a single interpolation
step* by composing all the pertinent transformations (i.e. head-motion
transform matrices, susceptibility distortion correction when available,
and co-registrations to anatomical and output spaces).
Gridded (volumetric) resamplings were performed using `antsApplyTransforms` (ANTs),
configured with Lanczos interpolation to minimize the smoothing
effects of other kernels [@lanczos].
Non-gridded (surface) resamplings were performed using `mri_vol2surf`
(FreeSurfer).


Many internal operations of *fMRIPrep* use
*Nilearn* 0.6.0 [@nilearn, RRID:SCR_001362],
mostly within the functional processing workflow.
For more details of the pipeline, see [the section corresponding
to workflows in *fMRIPrep*'s documentation](https://fmriprep.readthedocs.io/en/latest/workflows.html "FMRIPrep's documentation").


### Copyright Waiver

The above boilerplate text was automatically generated by fMRIPrep
with the express intention that users should copy and paste this
text into their manuscripts *unchanged*.
It is released under the [CC0](https://creativecommons.org/publicdomain/zero/1.0/) license.

### References


200119-11:41:07,290 nipype.workflow INFO:
	 [Node] Setting-up "fmriprep_wf.single_subject_10084_wf.func_preproc_ses_1_task_MID_run_01_wf.func_derivatives_wf.raw_sources" in "/projects/b1108/projects/BrainMAPD_func_conn/work/fmriprep_wf/single_subject_10084_wf/func_preproc_ses_1_task_MID_run_01_wf/func_derivatives_wf/raw_sources".
200119-11:41:07,305 nipype.workflow INFO:
	 [Node] Setting-up "fmriprep_wf.single_subject_10084_wf.func_preproc_ses_1_task_MID_run_02_wf.func_derivatives_wf.raw_sources" in "/projects/b1108/projects/BrainMAPD_func_conn/work/fmriprep_wf/single_subject_10084_wf/func_preproc_ses_1_task_MID_run_02_wf/func_derivatives_wf/raw_sources".
200119-11:41:07,358 nipype.workflow INFO:
	 [Node] Running "raw_sources" ("nipype.interfaces.utility.wrappers.Function")
200119-11:41:07,377 nipype.workflow INFO:
	 [Node] Running "raw_sources" ("nipype.interfaces.utility.wrappers.Function")
200119-11:41:07,386 nipype.workflow INFO:
	 [Node] Finished "fmriprep_wf.single_subject_10084_wf.func_preproc_ses_1_task_MID_run_01_wf.func_derivatives_wf.raw_sources".
200119-11:41:07,412 nipype.workflow INFO:
	 [Node] Finished "fmriprep_wf.single_subject_10084_wf.func_preproc_ses_1_task_MID_run_02_wf.func_derivatives_wf.raw_sources".
200119-11:41:34,567 nipype.workflow INFO:
	 [Node] Setting-up "fmriprep_wf.single_subject_10084_wf.func_preproc_ses_1_task_MID_run_02_wf.bold_reference_wf.validate" in "/projects/b1108/projects/BrainMAPD_func_conn/work/fmriprep_wf/single_subject_10084_wf/func_preproc_ses_1_task_MID_run_02_wf/bold_reference_wf/validate".
200119-11:41:34,580 nipype.workflow INFO:
	 [Node] Setting-up "fmriprep_wf.single_subject_10084_wf.func_preproc_ses_1_task_MID_run_01_wf.bold_reference_wf.validate" in "/projects/b1108/projects/BrainMAPD_func_conn/work/fmriprep_wf/single_subject_10084_wf/func_preproc_ses_1_task_MID_run_01_wf/bold_reference_wf/validate".
200119-11:41:34,599 nipype.workflow INFO:
	 [Node] Running "validate" ("niworkflows.interfaces.images.ValidateImage")
200119-11:41:34,620 nipype.workflow INFO:
	 [Node] Running "validate" ("niworkflows.interfaces.images.ValidateImage")
200119-11:41:34,635 nipype.workflow INFO:
	 [Node] Setting-up "fmriprep_wf.single_subject_10084_wf.anat_preproc_wf.brain_extraction_wf.lap_tmpl" in "/projects/b1108/projects/BrainMAPD_func_conn/work/fmriprep_wf/single_subject_10084_wf/anat_preproc_wf/brain_extraction_wf/lap_tmpl".
200119-11:41:34,655 nipype.workflow INFO:
	 [Node] Setting-up "fmriprep_wf.single_subject_10084_wf.anat_preproc_wf.brain_extraction_wf.res_tmpl" in "/projects/b1108/projects/BrainMAPD_func_conn/work/fmriprep_wf/single_subject_10084_wf/anat_preproc_wf/brain_extraction_wf/res_tmpl".
200119-11:41:34,661 nipype.workflow INFO:
	 [Node] Running "lap_tmpl" ("niworkflows.interfaces.ants.ImageMath"), a CommandLine Interface with command:
ImageMath 3 tpl-OASIS30ANTs_res-01_T1w_maths.nii.gz Laplacian /home/zaz3744/.cache/templateflow/tpl-OASIS30ANTs/tpl-OASIS30ANTs_res-01_T1w.nii.gz 1.5 1
200119-11:41:34,691 nipype.workflow INFO:
	 [Node] Running "res_tmpl" ("niworkflows.interfaces.ants.ResampleImageBySpacing"), a CommandLine Interface with command:
ResampleImageBySpacing 3 /home/zaz3744/.cache/templateflow/tpl-OASIS30ANTs/tpl-OASIS30ANTs_res-01_T1w.nii.gz tpl-OASIS30ANTs_res-01_T1w_resampled.nii.gz 4 4 4 1
200119-11:41:34,898 nipype.workflow INFO:
	 [Node] Finished "fmriprep_wf.single_subject_10084_wf.func_preproc_ses_1_task_MID_run_01_wf.bold_reference_wf.validate".
200119-11:41:34,903 nipype.workflow INFO:
	 [Node] Finished "fmriprep_wf.single_subject_10084_wf.func_preproc_ses_1_task_MID_run_02_wf.bold_reference_wf.validate".
200119-11:41:35,615 nipype.workflow INFO:
	 [Node] Setting-up "fmriprep_wf.single_subject_10084_wf.bidssrc" in "/projects/b1108/projects/BrainMAPD_func_conn/work/fmriprep_wf/single_subject_10084_wf/bidssrc".
200119-11:41:35,645 nipype.workflow INFO:
	 [Node] Running "bidssrc" ("niworkflows.interfaces.bids.BIDSDataGrabber")
200119-11:41:35,646 nipype.interface WARNING:
	 No "t2w" images found for sub-<undefined>
200119-11:41:35,646 nipype.interface WARNING:
	 No "flair" images found for sub-<undefined>
200119-11:41:35,646 nipype.interface WARNING:
	 No "fmap" images found for sub-<undefined>
200119-11:41:35,646 nipype.interface WARNING:
	 No "sbref" images found for sub-<undefined>
200119-11:41:35,646 nipype.interface WARNING:
	 No "roi" images found for sub-<undefined>
200119-11:41:35,662 nipype.workflow INFO:
	 [Node] Finished "fmriprep_wf.single_subject_10084_wf.bidssrc".
200119-11:41:36,139 nipype.utils INFO:
	 Running nipype version 1.3.1 (latest: 1.4.0)
200119-11:41:36,151 nipype.utils INFO:
	 Running nipype version 1.3.1 (latest: 1.4.0)
200119-11:41:46,865 nipype.workflow INFO:
	 [Node] Finished "fmriprep_wf.single_subject_10084_wf.anat_preproc_wf.brain_extraction_wf.res_tmpl".
200119-11:42:13,500 nipype.workflow INFO:
	 [Node] Setting-up "fmriprep_wf.single_subject_10084_wf.func_preproc_ses_1_task_MID_run_01_wf.bold_reference_wf.gen_ref" in "/projects/b1108/projects/BrainMAPD_func_conn/work/fmriprep_wf/single_subject_10084_wf/func_preproc_ses_1_task_MID_run_01_wf/bold_reference_wf/gen_ref".
200119-11:42:13,672 nipype.workflow INFO:
	 [Node] Running "gen_ref" ("niworkflows.interfaces.registration.EstimateReferenceImage")
200119-11:42:14,247 nipype.workflow INFO:
	 [Node] Setting-up "fmriprep_wf.single_subject_10084_wf.func_preproc_ses_1_task_MID_run_02_wf.bold_reference_wf.gen_ref" in "/projects/b1108/projects/BrainMAPD_func_conn/work/fmriprep_wf/single_subject_10084_wf/func_preproc_ses_1_task_MID_run_02_wf/bold_reference_wf/gen_ref".
200119-11:42:14,320 nipype.workflow INFO:
	 [Node] Setting-up "fmriprep_wf.single_subject_10084_wf.anat_preproc_wf.anat_template_wf.t1w_ref_dimensions" in "/projects/b1108/projects/BrainMAPD_func_conn/work/fmriprep_wf/single_subject_10084_wf/anat_preproc_wf/anat_template_wf/t1w_ref_dimensions".
200119-11:42:14,373 nipype.workflow INFO:
	 [Node] Running "gen_ref" ("niworkflows.interfaces.registration.EstimateReferenceImage")
200119-11:42:15,399 nipype.workflow INFO:
	 [Node] Running "t1w_ref_dimensions" ("niworkflows.interfaces.images.TemplateDimensions")
200119-11:42:15,678 nipype.workflow INFO:
	 [Node] Finished "fmriprep_wf.single_subject_10084_wf.anat_preproc_wf.anat_template_wf.t1w_ref_dimensions".
200119-11:42:15,938 nipype.workflow INFO:
	 [Node] Setting-up "fmriprep_wf.single_subject_10084_wf.bids_info" in "/projects/b1108/projects/BrainMAPD_func_conn/work/fmriprep_wf/single_subject_10084_wf/bids_info".
200119-11:42:15,967 nipype.workflow INFO:
	 [Node] Running "bids_info" ("niworkflows.interfaces.bids.BIDSInfo")
200119-11:42:29,110 nipype.workflow INFO:
	 [Node] Setting-up "fmriprep_wf.single_subject_10084_wf.anat_preproc_wf.anat_derivatives_wf.t1w_name" in "/projects/b1108/projects/BrainMAPD_func_conn/work/fmriprep_wf/single_subject_10084_wf/anat_preproc_wf/anat_derivatives_wf/t1w_name".
200119-11:42:29,141 nipype.workflow INFO:
	 [Node] Setting-up "fmriprep_wf.single_subject_10084_wf.anat_preproc_wf.anat_derivatives_wf.raw_sources" in "/projects/b1108/projects/BrainMAPD_func_conn/work/fmriprep_wf/single_subject_10084_wf/anat_preproc_wf/anat_derivatives_wf/raw_sources".
200119-11:42:31,875 nipype.utils INFO:
	 Running nipype version 1.3.1 (latest: 1.4.0)
200119-11:42:32,379 nipype.interface INFO:
	 stderr 2020-01-19T11:42:32.379335:++ 3dvolreg: AFNI version=Debian-16.2.07~dfsg.1-5~nd16.04+1 (Jun 12 2017) [64-bit]
200119-11:42:32,379 nipype.interface INFO:
	 stderr 2020-01-19T11:42:32.379732:++ Authored by: RW Cox
200119-11:42:32,417 nipype.interface INFO:
	 stderr 2020-01-19T11:42:32.417724:** AFNI converts NIFTI_datatype=512 (UINT16) in file /projects/b1108/projects/BrainMAPD_func_conn/work/fmriprep_wf/single_subject_10084_wf/func_preproc_ses_1_task_MID_run_01_wf/bold_reference_wf/gen_ref/slice.nii.gz to FLOAT32
200119-11:42:32,418 nipype.interface INFO:
	 stderr 2020-01-19T11:42:32.417989:     Warnings of this type will be muted for this session.
200119-11:42:32,418 nipype.interface INFO:
	 stderr 2020-01-19T11:42:32.417989:     Set AFNI_NIFTI_TYPE_WARN to YES to see them all, NO to see none.
200119-11:42:32,511 nipype.interface INFO:
	 stderr 2020-01-19T11:42:32.511638:[7m*+ WARNING:[0m   If you are performing spatial transformations on an oblique dset, 
200119-11:42:32,511 nipype.interface INFO:
	 stderr 2020-01-19T11:42:32.511638:  such as /projects/b1108/projects/BrainMAPD_func_conn/work/fmriprep_wf/single_subject_10084_wf/func_preproc_ses_1_task_MID_run_01_wf/bold_reference_wf/gen_ref/slice.nii.gz,
200119-11:42:32,511 nipype.interface INFO:
	 stderr 2020-01-19T11:42:32.511638:  or viewing/combining it with volumes of differing obliquity,
200119-11:42:32,511 nipype.interface INFO:
	 stderr 2020-01-19T11:42:32.511638:  you should consider running: 
200119-11:42:32,511 nipype.interface INFO:
	 stderr 2020-01-19T11:42:32.511638:     3dWarp -deoblique 
200119-11:42:32,512 nipype.interface INFO:
	 stderr 2020-01-19T11:42:32.511638:  on this and  other oblique datasets in the same session.
200119-11:42:32,512 nipype.interface INFO:
	 stderr 2020-01-19T11:42:32.511638: See 3dWarp -help for details.
200119-11:42:32,512 nipype.interface INFO:
	 stderr 2020-01-19T11:42:32.512163:++ Oblique dataset:/projects/b1108/projects/BrainMAPD_func_conn/work/fmriprep_wf/single_subject_10084_wf/func_preproc_ses_1_task_MID_run_01_wf/bold_reference_wf/gen_ref/slice.nii.gz is 4.604280 degrees from plumb.
200119-11:42:32,513 nipype.interface INFO:
	 stderr 2020-01-19T11:42:32.513396:++ Coarse del was 10, replaced with 6
200119-11:42:32,560 nipype.utils INFO:
	 Running nipype version 1.3.1 (latest: 1.4.0)
200119-11:42:32,947 nipype.interface INFO:
	 stderr 2020-01-19T11:42:32.947841:++ 3dvolreg: AFNI version=Debian-16.2.07~dfsg.1-5~nd16.04+1 (Jun 12 2017) [64-bit]
200119-11:42:32,948 nipype.interface INFO:
	 stderr 2020-01-19T11:42:32.948327:++ Authored by: RW Cox
200119-11:42:32,956 nipype.interface INFO:
	 stderr 2020-01-19T11:42:32.956690:** AFNI converts NIFTI_datatype=512 (UINT16) in file /projects/b1108/projects/BrainMAPD_func_conn/work/fmriprep_wf/single_subject_10084_wf/func_preproc_ses_1_task_MID_run_02_wf/bold_reference_wf/gen_ref/slice.nii.gz to FLOAT32
200119-11:42:32,956 nipype.interface INFO:
	 stderr 2020-01-19T11:42:32.956938:     Warnings of this type will be muted for this session.
200119-11:42:32,957 nipype.interface INFO:
	 stderr 2020-01-19T11:42:32.956938:     Set AFNI_NIFTI_TYPE_WARN to YES to see them all, NO to see none.
200119-11:42:32,957 nipype.interface INFO:
	 stderr 2020-01-19T11:42:32.957523:[7m*+ WARNING:[0m   If you are performing spatial transformations on an oblique dset, 
200119-11:42:32,957 nipype.interface INFO:
	 stderr 2020-01-19T11:42:32.957523:  such as /projects/b1108/projects/BrainMAPD_func_conn/work/fmriprep_wf/single_subject_10084_wf/func_preproc_ses_1_task_MID_run_02_wf/bold_reference_wf/gen_ref/slice.nii.gz,
200119-11:42:32,957 nipype.interface INFO:
	 stderr 2020-01-19T11:42:32.957523:  or viewing/combining it with volumes of differing obliquity,
200119-11:42:32,957 nipype.interface INFO:
	 stderr 2020-01-19T11:42:32.957523:  you should consider running: 
200119-11:42:32,957 nipype.interface INFO:
	 stderr 2020-01-19T11:42:32.957523:     3dWarp -deoblique 
200119-11:42:32,957 nipype.interface INFO:
	 stderr 2020-01-19T11:42:32.957523:  on this and  other oblique datasets in the same session.
200119-11:42:32,957 nipype.interface INFO:
	 stderr 2020-01-19T11:42:32.957523: See 3dWarp -help for details.
200119-11:42:32,957 nipype.interface INFO:
	 stderr 2020-01-19T11:42:32.957928:++ Oblique dataset:/projects/b1108/projects/BrainMAPD_func_conn/work/fmriprep_wf/single_subject_10084_wf/func_preproc_ses_1_task_MID_run_02_wf/bold_reference_wf/gen_ref/slice.nii.gz is 4.604280 degrees from plumb.
200119-11:42:32,958 nipype.interface INFO:
	 stderr 2020-01-19T11:42:32.958054:++ Coarse del was 10, replaced with 6
200119-11:42:38,248 nipype.workflow INFO:
	 [Node] Finished "fmriprep_wf.single_subject_10084_wf.anat_preproc_wf.brain_extraction_wf.lap_tmpl".
200119-11:42:52,355 nipype.workflow INFO:
	 [Node] Setting-up "fmriprep_wf.single_subject_10084_wf.anat_preproc_wf.brain_extraction_wf.mrg_tmpl" in "/projects/b1108/projects/BrainMAPD_func_conn/work/fmriprep_wf/single_subject_10084_wf/anat_preproc_wf/brain_extraction_wf/mrg_tmpl".
200119-11:43:11,826 nipype.workflow INFO:
	 [Node] Running "raw_sources" ("nipype.interfaces.utility.wrappers.Function")
200119-11:43:11,852 nipype.workflow INFO:
	 [Node] Finished "fmriprep_wf.single_subject_10084_wf.anat_preproc_wf.anat_derivatives_wf.raw_sources".
200119-11:43:11,862 nipype.workflow INFO:
	 [Node] Running "t1w_name" ("nipype.interfaces.utility.wrappers.Function")
200119-11:43:11,911 nipype.workflow INFO:
	 [Node] Finished "fmriprep_wf.single_subject_10084_wf.anat_preproc_wf.anat_derivatives_wf.t1w_name".
200119-11:43:13,862 nipype.workflow INFO:
	 [Node] Setting-up "_t1w_conform1" in "/projects/b1108/projects/BrainMAPD_func_conn/work/fmriprep_wf/single_subject_10084_wf/anat_preproc_wf/anat_template_wf/t1w_conform/mapflow/_t1w_conform1".
200119-11:43:13,872 nipype.workflow INFO:
	 [Node] Setting-up "_t1w_conform0" in "/projects/b1108/projects/BrainMAPD_func_conn/work/fmriprep_wf/single_subject_10084_wf/anat_preproc_wf/anat_template_wf/t1w_conform/mapflow/_t1w_conform0".
200119-11:43:13,909 nipype.workflow INFO:
	 [Node] Running "_t1w_conform1" ("niworkflows.interfaces.images.Conform")
200119-11:43:13,927 nipype.workflow INFO:
	 [Node] Running "_t1w_conform0" ("niworkflows.interfaces.images.Conform")
200119-11:43:14,49 nipype.workflow INFO:
	 [Node] Finished "_t1w_conform1".
200119-11:43:14,55 nipype.workflow INFO:
	 [Node] Finished "_t1w_conform0".
200119-11:43:26,531 nipype.workflow INFO:
	 [Node] Running "mrg_tmpl" ("nipype.interfaces.utility.base.Merge")
200119-11:43:26,550 nipype.workflow INFO:
	 [Node] Finished "fmriprep_wf.single_subject_10084_wf.anat_preproc_wf.brain_extraction_wf.mrg_tmpl".
200119-11:43:44,651 nipype.workflow INFO:
	 [Node] Setting-up "fmriprep_wf.single_subject_10084_wf.anat_preproc_wf.anat_template_wf.t1w_conform" in "/projects/b1108/projects/BrainMAPD_func_conn/work/fmriprep_wf/single_subject_10084_wf/anat_preproc_wf/anat_template_wf/t1w_conform".
200119-11:43:44,721 nipype.workflow INFO:
	 [Node] Setting-up "_t1w_conform0" in "/projects/b1108/projects/BrainMAPD_func_conn/work/fmriprep_wf/single_subject_10084_wf/anat_preproc_wf/anat_template_wf/t1w_conform/mapflow/_t1w_conform0".
200119-11:43:44,724 nipype.workflow INFO:
	 [Node] Cached "_t1w_conform0" - collecting precomputed outputs
200119-11:43:44,724 nipype.workflow INFO:
	 [Node] "_t1w_conform0" found cached.
200119-11:43:44,725 nipype.workflow INFO:
	 [Node] Setting-up "_t1w_conform1" in "/projects/b1108/projects/BrainMAPD_func_conn/work/fmriprep_wf/single_subject_10084_wf/anat_preproc_wf/anat_template_wf/t1w_conform/mapflow/_t1w_conform1".
200119-11:43:44,727 nipype.workflow INFO:
	 [Node] Cached "_t1w_conform1" - collecting precomputed outputs
200119-11:43:44,727 nipype.workflow INFO:
	 [Node] "_t1w_conform1" found cached.
200119-11:43:44,730 nipype.workflow INFO:
	 [Node] Finished "fmriprep_wf.single_subject_10084_wf.anat_preproc_wf.anat_template_wf.t1w_conform".
200119-11:43:58,868 nipype.workflow INFO:
	 [Node] Setting-up "_n4_correct1" in "/projects/b1108/projects/BrainMAPD_func_conn/work/fmriprep_wf/single_subject_10084_wf/anat_preproc_wf/anat_template_wf/n4_correct/mapflow/_n4_correct1".
200119-11:43:58,875 nipype.workflow INFO:
	 [Node] Setting-up "_n4_correct0" in "/projects/b1108/projects/BrainMAPD_func_conn/work/fmriprep_wf/single_subject_10084_wf/anat_preproc_wf/anat_template_wf/n4_correct/mapflow/_n4_correct0".
200119-11:43:58,913 nipype.workflow INFO:
	 [Node] Running "_n4_correct1" ("nipype.interfaces.ants.segmentation.N4BiasFieldCorrection"), a CommandLine Interface with command:
N4BiasFieldCorrection -d 3 --input-image /projects/b1108/data/BrainMAPD/sub-10084/ses-1/anat/sub-10084_ses-1_run-02_T1w.nii.gz --output sub-10084_ses-1_run-02_T1w_corrected.nii.gz
200119-11:43:58,935 nipype.workflow INFO:
	 [Node] Running "_n4_correct0" ("nipype.interfaces.ants.segmentation.N4BiasFieldCorrection"), a CommandLine Interface with command:
N4BiasFieldCorrection -d 3 --input-image /projects/b1108/data/BrainMAPD/sub-10084/ses-1/anat/sub-10084_ses-1_run-01_T1w.nii.gz --output sub-10084_ses-1_run-01_T1w_corrected.nii.gz
200119-11:44:02,821 nipype.utils INFO:
	 Running nipype version 1.3.1 (latest: 1.4.0)
200119-11:44:02,824 nipype.utils INFO:
	 Running nipype version 1.3.1 (latest: 1.4.0)
